                                      1 ;--------------------------------------------------------
                                      2 ; File Created by SDCC : free open source ISO C Compiler 
                                      3 ; Version 4.4.0 #14620 (Linux)
                                      4 ;--------------------------------------------------------
                                      5 	.module blink
                                      6 	.optsdcc -mstm8
                                      7 	
                                      8 ;--------------------------------------------------------
                                      9 ; Public variables in this module
                                     10 ;--------------------------------------------------------
                                     11 	.globl _main
                                     12 	.globl _delay
                                     13 ;--------------------------------------------------------
                                     14 ; ram data
                                     15 ;--------------------------------------------------------
                                     16 	.area DATA
                                     17 ;--------------------------------------------------------
                                     18 ; ram data
                                     19 ;--------------------------------------------------------
                                     20 	.area INITIALIZED
                                     21 ;--------------------------------------------------------
                                     22 ; Stack segment in internal ram
                                     23 ;--------------------------------------------------------
                                     24 	.area SSEG
      000000                         25 __start__stack:
      000000                         26 	.ds	1
                                     27 
                                     28 ;--------------------------------------------------------
                                     29 ; absolute external ram data
                                     30 ;--------------------------------------------------------
                                     31 	.area DABS (ABS)
                                     32 
                                     33 ; default segment ordering for linker
                                     34 	.area HOME
                                     35 	.area GSINIT
                                     36 	.area GSFINAL
                                     37 	.area CONST
                                     38 	.area INITIALIZER
                                     39 	.area CODE
                                     40 
                                     41 ;--------------------------------------------------------
                                     42 ; interrupt vector
                                     43 ;--------------------------------------------------------
                                     44 	.area HOME
      000000                         45 __interrupt_vect:
      000000 82v00u00u00             46 	int s_GSINIT ; reset
                                     47 ;--------------------------------------------------------
                                     48 ; global & static initialisations
                                     49 ;--------------------------------------------------------
                                     50 	.area HOME
                                     51 	.area GSINIT
                                     52 	.area GSFINAL
                                     53 	.area GSINIT
      000000 CDr00r00         [ 4]   54 	call	___sdcc_external_startup
      000003 4D               [ 1]   55 	tnz	a
      000004 27 03            [ 1]   56 	jreq	__sdcc_init_data
      000006 CCr00r04         [ 2]   57 	jp	__sdcc_program_startup
      000009                         58 __sdcc_init_data:
                                     59 ; stm8_genXINIT() start
      000009 AEr00r00         [ 2]   60 	ldw x, #l_DATA
      00000C 27 07            [ 1]   61 	jreq	00002$
      00000E                         62 00001$:
      00000E 72 4FuFFuFF      [ 1]   63 	clr (s_DATA - 1, x)
      000012 5A               [ 2]   64 	decw x
      000013 26 F9            [ 1]   65 	jrne	00001$
      000015                         66 00002$:
      000015 AEr00r00         [ 2]   67 	ldw	x, #l_INITIALIZER
      000018 27 09            [ 1]   68 	jreq	00004$
      00001A                         69 00003$:
      00001A D6uFFuFF         [ 1]   70 	ld	a, (s_INITIALIZER - 1, x)
      00001D D7uFFuFF         [ 1]   71 	ld	(s_INITIALIZED - 1, x), a
      000020 5A               [ 2]   72 	decw	x
      000021 26 F7            [ 1]   73 	jrne	00003$
      000023                         74 00004$:
                                     75 ; stm8_genXINIT() end
                                     76 	.area GSFINAL
      000000 CCr00r04         [ 2]   77 	jp	__sdcc_program_startup
                                     78 ;--------------------------------------------------------
                                     79 ; Home
                                     80 ;--------------------------------------------------------
                                     81 	.area HOME
                                     82 	.area HOME
      000004                         83 __sdcc_program_startup:
      000004 CCr00r2E         [ 2]   84 	jp	_main
                                     85 ;	return from main will return to caller
                                     86 ;--------------------------------------------------------
                                     87 ; code
                                     88 ;--------------------------------------------------------
                                     89 	.area CODE
                                     90 ;	blink.c: 15: void delay(unsigned long count) {
                                     91 ;	-----------------------------------------
                                     92 ;	 function delay
                                     93 ;	-----------------------------------------
      000000                         94 _delay:
      000000 52 08            [ 2]   95 	sub	sp, #8
                                     96 ;	blink.c: 16: while (count--)
      000002 16 0D            [ 2]   97 	ldw	y, (0x0d, sp)
      000004 17 07            [ 2]   98 	ldw	(0x07, sp), y
      000006 1E 0B            [ 2]   99 	ldw	x, (0x0b, sp)
      000008                        100 00101$:
      000008 1F 01            [ 2]  101 	ldw	(0x01, sp), x
      00000A 7B 07            [ 1]  102 	ld	a, (0x07, sp)
      00000C 6B 03            [ 1]  103 	ld	(0x03, sp), a
      00000E 7B 08            [ 1]  104 	ld	a, (0x08, sp)
      000010 16 07            [ 2]  105 	ldw	y, (0x07, sp)
      000012 72 A2 00 01      [ 2]  106 	subw	y, #0x0001
      000016 17 07            [ 2]  107 	ldw	(0x07, sp), y
      000018 24 01            [ 1]  108 	jrnc	00121$
      00001A 5A               [ 2]  109 	decw	x
      00001B                        110 00121$:
      00001B 4D               [ 1]  111 	tnz	a
      00001C 26 08            [ 1]  112 	jrne	00122$
      00001E 16 02            [ 2]  113 	ldw	y, (0x02, sp)
      000020 26 04            [ 1]  114 	jrne	00122$
      000022 0D 01            [ 1]  115 	tnz	(0x01, sp)
      000024 27 03            [ 1]  116 	jreq	00104$
      000026                        117 00122$:
                                    118 ;	blink.c: 17: nop();
      000026 9D               [ 1]  119 	nop
      000027 20 DF            [ 2]  120 	jra	00101$
      000029                        121 00104$:
                                    122 ;	blink.c: 18: }
      000029 1E 09            [ 2]  123 	ldw	x, (9, sp)
      00002B 5B 0E            [ 2]  124 	addw	sp, #14
      00002D FC               [ 2]  125 	jp	(x)
                                    126 ;	blink.c: 20: int main(void)
                                    127 ;	-----------------------------------------
                                    128 ;	 function main
                                    129 ;	-----------------------------------------
      00002E                        130 _main:
                                    131 ;	blink.c: 23: CLK_CKDIVR = 0;
      00002E 35 00 50 C6      [ 1]  132 	mov	0x50c6+0, #0x00
                                    133 ;	blink.c: 26: PORT(BMS_OUT_PORT, DDR)  |= BMS_OUT_PIN; // i.e. PB_DDR |= (1 << 5);
      000032 72 18 50 11      [ 1]  134 	bset	0x5011, #4
                                    135 ;	blink.c: 28: PORT(BMS_OUT_PORT, CR1)  |= BMS_OUT_PIN; // i.e. PB_CR1 |= (1 << 5);
      000036 72 18 50 12      [ 1]  136 	bset	0x5012, #4
                                    137 ;	blink.c: 31: PORT(IMD_OUT_PORT, DDR) |= IMD_OUT_PIN;
      00003A 72 1C 50 11      [ 1]  138 	bset	0x5011, #6
                                    139 ;	blink.c: 32: PORT(IMD_OUT_PORT, CR1) |= IMD_OUT_PIN;
      00003E 72 1C 50 12      [ 1]  140 	bset	0x5012, #6
                                    141 ;	blink.c: 34: while(1) {
      000042                        142 00102$:
                                    143 ;	blink.c: 35: PORT(BMS_OUT_PORT, ODR) |= BMS_OUT_PIN; // turn on
      000042 72 18 50 0F      [ 1]  144 	bset	0x500f, #4
                                    145 ;	blink.c: 36: PORT(IMD_OUT_PORT, ODR) &= IMD_OUT_PIN; //turn off
      000046 C6 50 0F         [ 1]  146 	ld	a, 0x500f
      000049 A4 40            [ 1]  147 	and	a, #0x40
      00004B C7 50 0F         [ 1]  148 	ld	0x500f, a
                                    149 ;	blink.c: 38: delay(300000L); // i don't know if we can know how long this delay is without more info
      00004E 4B E0            [ 1]  150 	push	#0xe0
      000050 4B 93            [ 1]  151 	push	#0x93
      000052 4B 04            [ 1]  152 	push	#0x04
      000054 4B 00            [ 1]  153 	push	#0x00
      000056 CDr00r00         [ 4]  154 	call	_delay
                                    155 ;	blink.c: 40: PORT(BMS_OUT_PORT, ODR) &= ~BMS_OUT_PIN; // PB_ODR &= ~(1 << 5);
      000059 72 19 50 0F      [ 1]  156 	bres	0x500f, #4
                                    157 ;	blink.c: 41: PORT(IMD_OUT_PORT, ODR) |= IMD_OUT_PIN;
      00005D 72 1C 50 0F      [ 1]  158 	bset	0x500f, #6
                                    159 ;	blink.c: 43: delay(300000L);
      000061 4B E0            [ 1]  160 	push	#0xe0
      000063 4B 93            [ 1]  161 	push	#0x93
      000065 4B 04            [ 1]  162 	push	#0x04
      000067 4B 00            [ 1]  163 	push	#0x00
      000069 CDr00r00         [ 4]  164 	call	_delay
      00006C 20 D4            [ 2]  165 	jra	00102$
                                    166 ;	blink.c: 45: }
      00006E 81               [ 4]  167 	ret
                                    168 	.area CODE
                                    169 	.area CONST
                                    170 	.area INITIALIZER
                                    171 	.area CABS (ABS)
